mode: atomic
github.com/cameronnewman/lib.statsd/statsd.go:26.40,32.16 3 0
github.com/cameronnewman/lib.statsd/statsd.go:36.2,38.8 1 0
github.com/cameronnewman/lib.statsd/statsd.go:32.16,34.3 1 0
github.com/cameronnewman/lib.statsd/statsd.go:42.57,43.33 1 0
github.com/cameronnewman/lib.statsd/statsd.go:49.2,49.12 1 0
github.com/cameronnewman/lib.statsd/statsd.go:43.33,45.17 2 0
github.com/cameronnewman/lib.statsd/statsd.go:45.17,47.4 1 0
github.com/cameronnewman/lib.statsd/statsd.go:53.55,54.33 1 0
github.com/cameronnewman/lib.statsd/statsd.go:60.2,60.12 1 0
github.com/cameronnewman/lib.statsd/statsd.go:54.33,56.17 2 0
github.com/cameronnewman/lib.statsd/statsd.go:56.17,58.4 1 0
github.com/cameronnewman/lib.statsd/statsd.go:63.56,64.33 1 0
github.com/cameronnewman/lib.statsd/statsd.go:70.2,70.12 1 0
github.com/cameronnewman/lib.statsd/statsd.go:64.33,66.17 2 0
github.com/cameronnewman/lib.statsd/statsd.go:66.17,68.4 1 0
github.com/cameronnewman/lib.statsd/statsd.go:74.60,77.16 3 0
github.com/cameronnewman/lib.statsd/statsd.go:80.2,80.12 1 0
github.com/cameronnewman/lib.statsd/statsd.go:77.16,79.3 1 0
github.com/cameronnewman/lib.statsd/statsd.go:84.75,85.33 1 0
github.com/cameronnewman/lib.statsd/statsd.go:91.2,91.12 1 0
github.com/cameronnewman/lib.statsd/statsd.go:85.33,87.17 2 0
github.com/cameronnewman/lib.statsd/statsd.go:87.17,89.4 1 0
